INFO  [2014-04-05 23:37:48,321] org.reflections.Reflections: Reflections took 158 ms to scan 1 urls, producing 2 keys and 2 values 
DEBUG [2014-04-05 23:37:48,711] edu.sjsu.cmpe.procurement.ProcurementService: Queue name is /queue/08169.book.orders. Topic is /topic/08169.book.
WARN  [2014-04-05 23:37:48,724] com.yammer.dropwizard.config.ServerFactory: 
!!!!!!!!!!!!!!!!!!!!!!!!!!!!!!!!!!!!!!!!!!!!!!!!!!!!!!!!!!!!!!!!!!!!!!!!!!!!!!!!
!!!!!!!!!!!!!!!!!!!!!!!!!!!!!!!!!!!!!!!!!!!!!!!!!!!!!!!!!!!!!!!!!!!!!!!!!!!!!!!!
!    THIS SERVICE HAS NO HEALTHCHECKS. THIS MEANS YOU WILL NEVER KNOW IF IT    !
!    DIES IN PRODUCTION, WHICH MEANS YOU WILL NEVER KNOW IF YOU'RE LETTING     !
!     YOUR USERS DOWN. YOU SHOULD ADD A HEALTHCHECK FOR EACH DEPENDENCY OF     !
!     YOUR SERVICE WHICH FULLY (BUT LIGHTLY) TESTS YOUR SERVICE'S ABILITY TO   !
!      USE THAT SERVICE. THINK OF IT AS A CONTINUOUS INTEGRATION TEST.         !
!!!!!!!!!!!!!!!!!!!!!!!!!!!!!!!!!!!!!!!!!!!!!!!!!!!!!!!!!!!!!!!!!!!!!!!!!!!!!!!!
!!!!!!!!!!!!!!!!!!!!!!!!!!!!!!!!!!!!!!!!!!!!!!!!!!!!!!!!!!!!!!!!!!!!!!!!!!!!!!!!
INFO  [2014-04-05 23:37:48,777] com.yammer.dropwizard.cli.ServerCommand: Starting procurement-service
INFO  [2014-04-05 23:37:48,779] org.eclipse.jetty.server.Server: jetty-8.y.z-SNAPSHOT
INFO  [2014-04-05 23:37:48,848] com.sun.jersey.server.impl.application.WebApplicationImpl: Initiating Jersey application, version 'Jersey: 1.17.1 02/28/2013 12:47 PM'
INFO  [2014-04-05 23:37:48,874] com.yammer.dropwizard.config.Environment: The following paths were found for the configured resources:

    GET     / (edu.sjsu.cmpe.procurement.api.resources.RootResource)

INFO  [2014-04-05 23:37:48,874] com.yammer.dropwizard.config.Environment: tasks = 

    POST    /tasks/gc (com.yammer.dropwizard.tasks.GarbageCollectionTask)

INFO  [2014-04-05 23:37:49,055] org.quartz.impl.StdSchedulerFactory: Using default implementation for ThreadExecutor
INFO  [2014-04-05 23:37:49,058] org.quartz.simpl.SimpleThreadPool: Job execution threads will use class loader of thread: main
INFO  [2014-04-05 23:37:49,070] org.quartz.core.SchedulerSignalerImpl: Initialized Scheduler Signaller of type: class org.quartz.core.SchedulerSignalerImpl
INFO  [2014-04-05 23:37:49,071] org.quartz.core.QuartzScheduler: Quartz Scheduler v.2.2.0 created.
INFO  [2014-04-05 23:37:49,072] org.quartz.simpl.RAMJobStore: RAMJobStore initialized.
INFO  [2014-04-05 23:37:49,072] org.quartz.core.QuartzScheduler: Scheduler meta-data: Quartz Scheduler (v2.2.0) 'DefaultQuartzScheduler' with instanceId 'NON_CLUSTERED'
  Scheduler class: 'org.quartz.core.QuartzScheduler' - running locally.
  NOT STARTED.
  Currently in standby mode.
  Number of jobs executed: 0
  Using thread pool 'org.quartz.simpl.SimpleThreadPool' - with 10 threads.
  Using job-store 'org.quartz.simpl.RAMJobStore' - which does not support persistence. and is not clustered.

INFO  [2014-04-05 23:37:49,072] org.quartz.impl.StdSchedulerFactory: Quartz scheduler 'DefaultQuartzScheduler' initialized from default resource file in Quartz package: 'quartz.properties'
INFO  [2014-04-05 23:37:49,072] org.quartz.impl.StdSchedulerFactory: Quartz scheduler version: 2.2.0
INFO  [2014-04-05 23:37:49,073] org.quartz.core.QuartzScheduler: Scheduler DefaultQuartzScheduler_$_NON_CLUSTERED started.
INFO  [2014-04-05 23:37:49,075] de.spinscale.dropwizard.jobs.JobManager: Jobs to run on application start: []
INFO  [2014-04-05 23:37:49,076] de.spinscale.dropwizard.jobs.JobManager: Jobs with @Every annotation: [class edu.sjsu.cmpe.procurement.jobs.ProcurementSchedulerJob]
INFO  [2014-04-05 23:37:49,083] de.spinscale.dropwizard.jobs.JobManager: Jobs with @On annotation: []
INFO  [2014-04-05 23:37:49,090] org.eclipse.jetty.server.AbstractConnector: Started InstrumentedBlockingChannelConnector@0.0.0.0:9090
INFO  [2014-04-05 23:37:49,091] org.eclipse.jetty.server.AbstractConnector: Started SocketConnector@0.0.0.0:9000
DEBUG [2014-04-05 23:37:49,328] edu.sjsu.cmpe.procurement.jobs.ProcurementSchedulerJob: Response from jsontest.com: {"ip": "130.65.11.68"}

DEBUG [2014-04-05 23:42:49,193] edu.sjsu.cmpe.procurement.jobs.ProcurementSchedulerJob: Response from jsontest.com: {"ip": "130.65.11.68"}

DEBUG [2014-04-05 23:47:49,196] edu.sjsu.cmpe.procurement.jobs.ProcurementSchedulerJob: Response from jsontest.com: {"ip": "130.65.11.68"}

DEBUG [2014-04-05 23:52:49,222] edu.sjsu.cmpe.procurement.jobs.ProcurementSchedulerJob: Response from jsontest.com: {"ip": "130.65.11.68"}

DEBUG [2014-04-05 23:57:49,272] edu.sjsu.cmpe.procurement.jobs.ProcurementSchedulerJob: Response from jsontest.com: {"ip": "130.65.11.68"}

DEBUG [2014-04-06 00:02:49,195] edu.sjsu.cmpe.procurement.jobs.ProcurementSchedulerJob: Response from jsontest.com: {"ip": "130.65.11.68"}

DEBUG [2014-04-06 00:07:49,195] edu.sjsu.cmpe.procurement.jobs.ProcurementSchedulerJob: Response from jsontest.com: {"ip": "130.65.11.68"}

INFO  [2014-04-06 00:11:52,397] org.eclipse.jetty.server.Server: Graceful shutdown SocketConnector@0.0.0.0:9000
INFO  [2014-04-06 00:11:52,398] org.eclipse.jetty.server.Server: Graceful shutdown InstrumentedBlockingChannelConnector@0.0.0.0:9090
INFO  [2014-04-06 00:11:52,398] org.eclipse.jetty.server.Server: Graceful shutdown o.e.j.s.ServletContextHandler{/,null}
INFO  [2014-04-06 00:11:52,398] org.eclipse.jetty.server.Server: Graceful shutdown o.e.j.s.ServletContextHandler{/,null}
INFO  [2014-04-06 00:11:54,453] org.eclipse.jetty.server.handler.ContextHandler: stopped o.e.j.s.ServletContextHandler{/,null}
INFO  [2014-04-06 00:11:54,453] org.eclipse.jetty.server.handler.ContextHandler: stopped o.e.j.s.ServletContextHandler{/,null}
INFO  [2014-04-06 00:11:54,555] org.quartz.core.QuartzScheduler: Scheduler DefaultQuartzScheduler_$_NON_CLUSTERED shutting down.
INFO  [2014-04-06 00:11:54,555] org.quartz.core.QuartzScheduler: Scheduler DefaultQuartzScheduler_$_NON_CLUSTERED paused.
INFO  [2014-04-06 00:11:55,053] org.quartz.core.QuartzScheduler: Scheduler DefaultQuartzScheduler_$_NON_CLUSTERED shutdown complete.
